# JRE version: OpenJDK Runtime Environment Temurin-21.0.8+9 (21.0.8+9) (build 21.0.8+9-LTS)
# Java VM: OpenJDK 64-Bit Server VM Temurin-21.0.8+9 (21.0.8+9-LTS, mixed mode, sharing, tiered, compressed oops, compressed class ptrs, parallel gc, windows-amd64)
GC Precious Log:
 CardTable entry size: 512
 CPUs: 20 total, 20 available
 Memory: 16004M
 Large Page Support: Disabled
 NUMA Support: Disabled
 Compressed Oops: Enabled (32-bit)
 Alignments: Space 512K, Generation 512K, Heap 2M
 Heap Min Capacity: 100M
 Heap Initial Capacity: 100M
 Heap Max Capacity: 2G
 Pre-touch: Disabled
 Parallel Workers: 15
Heap:
 PSYoungGen      total 8704K, used 2843K [0x00000000d5580000, 0x00000000d6280000, 0x0000000100000000)
  eden space 7680K, 28% used [0x00000000d5580000,0x00000000d57aaed8,0x00000000d5d00000)
  from space 1024K, 60% used [0x00000000d6180000,0x00000000d621c010,0x00000000d6280000)
  to   space 1024K, 0% used [0x00000000d5e00000,0x00000000d5e00000,0x00000000d5f00000)
 ParOldGen       total 445440K, used 407819K [0x0000000080000000, 0x000000009b300000, 0x00000000d5580000)
  object space 445440K, 91% used [0x0000000080000000,0x0000000098e42ea8,0x000000009b300000)
 Metaspace       used 72133K, committed 73664K, reserved 1179648K
  class space    used 7670K, committed 8320K, reserved 1048576K
GC Heap History (20 events):
Event: 886.231 GC heap before
{Heap before GC invocations=672 (full 3):
 PSYoungGen      total 5632K, used 5472K [0x00000000d5580000, 0x00000000d6200000, 0x0000000100000000)
  eden space 5120K, 100% used [0x00000000d5580000,0x00000000d5a80000,0x00000000d5a80000)
  from space 512K, 68% used [0x00000000d6180000,0x00000000d61d8000,0x00000000d6200000)
  to   space 2560K, 0% used [0x00000000d5d00000,0x00000000d5d00000,0x00000000d5f80000)
 ParOldGen       total 445440K, used 395439K [0x0000000080000000, 0x000000009b300000, 0x00000000d5580000)
  object space 445440K, 88% used [0x0000000080000000,0x000000009822bec8,0x000000009b300000)
 Metaspace       used 71753K, committed 73280K, reserved 1114112K
  class space    used 7657K, committed 8320K, reserved 1048576K
}
Event: 886.233 GC heap after
{Heap after GC invocations=672 (full 3):
 PSYoungGen      total 8704K, used 815K [0x00000000d5580000, 0x00000000d6200000, 0x0000000100000000)
  eden space 6144K, 0% used [0x00000000d5580000,0x00000000d5580000,0x00000000d5b80000)
  from space 2560K, 31% used [0x00000000d5d00000,0x00000000d5dcbda0,0x00000000d5f80000)
  to   space 1024K, 0% used [0x00000000d6100000,0x00000000d6100000,0x00000000d6200000)
 ParOldGen       total 445440K, used 395775K [0x0000000080000000, 0x000000009b300000, 0x00000000d5580000)
  object space 445440K, 88% used [0x0000000080000000,0x000000009827fec8,0x000000009b300000)
 Metaspace       used 71753K, committed 73280K, reserved 1114112K
  class space    used 7657K, committed 8320K, reserved 1048576K
}
Event: 886.242 GC heap before
{Heap before GC invocations=673 (full 3):
 PSYoungGen      total 8704K, used 6959K [0x00000000d5580000, 0x00000000d6200000, 0x0000000100000000)
  eden space 6144K, 100% used [0x00000000d5580000,0x00000000d5b80000,0x00000000d5b80000)
  from space 2560K, 31% used [0x00000000d5d00000,0x00000000d5dcbda0,0x00000000d5f80000)
  to   space 1024K, 0% used [0x00000000d6100000,0x00000000d6100000,0x00000000d6200000)
 ParOldGen       total 445440K, used 395775K [0x0000000080000000, 0x000000009b300000, 0x00000000d5580000)
  object space 445440K, 88% used [0x0000000080000000,0x000000009827fec8,0x000000009b300000)
 Metaspace       used 71785K, committed 73344K, reserved 1179648K
  class space    used 7657K, committed 8320K, reserved 1048576K
}
Event: 886.246 GC heap after
{Heap after GC invocations=673 (full 3):
 PSYoungGen      total 8704K, used 1007K [0x00000000d5580000, 0x00000000d6300000, 0x0000000100000000)
  eden space 7680K, 0% used [0x00000000d5580000,0x00000000d5580000,0x00000000d5d00000)
  from space 1024K, 98% used [0x00000000d6100000,0x00000000d61fbda0,0x00000000d6200000)
  to   space 3072K, 0% used [0x00000000d5d00000,0x00000000d5d00000,0x00000000d6000000)
 ParOldGen       total 445440K, used 397095K [0x0000000080000000, 0x000000009b300000, 0x00000000d5580000)
  object space 445440K, 89% used [0x0000000080000000,0x00000000983c9ec8,0x000000009b300000)
 Metaspace       used 71785K, committed 73344K, reserved 1179648K
  class space    used 7657K, committed 8320K, reserved 1048576K
}
Event: 902.556 GC heap before
{Heap before GC invocations=674 (full 3):
 PSYoungGen      total 8704K, used 8687K [0x00000000d5580000, 0x00000000d6300000, 0x0000000100000000)
  eden space 7680K, 99% used [0x00000000d5580000,0x00000000d5cffff0,0x00000000d5d00000)
  from space 1024K, 98% used [0x00000000d6100000,0x00000000d61fbda0,0x00000000d6200000)
  to   space 3072K, 0% used [0x00000000d5d00000,0x00000000d5d00000,0x00000000d6000000)
 ParOldGen       total 445440K, used 397095K [0x0000000080000000, 0x000000009b300000, 0x00000000d5580000)
  object space 445440K, 89% used [0x0000000080000000,0x00000000983c9ec8,0x000000009b300000)
 Metaspace       used 71806K, committed 73344K, reserved 1179648K
  class space    used 7659K, committed 8320K, reserved 1048576K
}
Event: 902.559 GC heap after
{Heap after GC invocations=674 (full 3):
 PSYoungGen      total 9728K, used 1984K [0x00000000d5580000, 0x00000000d6200000, 0x0000000100000000)
  eden space 7680K, 0% used [0x00000000d5580000,0x00000000d5580000,0x00000000d5d00000)
  from space 2048K, 96% used [0x00000000d5d00000,0x00000000d5ef0000,0x00000000d5f00000)
  to   space 2560K, 0% used [0x00000000d5f80000,0x00000000d5f80000,0x00000000d6200000)
 ParOldGen       total 445440K, used 397887K [0x0000000080000000, 0x000000009b300000, 0x00000000d5580000)
  object space 445440K, 89% used [0x0000000080000000,0x000000009848fc68,0x000000009b300000)
 Metaspace       used 71806K, committed 73344K, reserved 1179648K
  class space    used 7659K, committed 8320K, reserved 1048576K
}
Event: 903.188 GC heap before
{Heap before GC invocations=675 (full 3):
 PSYoungGen      total 9728K, used 9664K [0x00000000d5580000, 0x00000000d6200000, 0x0000000100000000)
  eden space 7680K, 100% used [0x00000000d5580000,0x00000000d5d00000,0x00000000d5d00000)
  from space 2048K, 96% used [0x00000000d5d00000,0x00000000d5ef0000,0x00000000d5f00000)
  to   space 2560K, 0% used [0x00000000d5f80000,0x00000000d5f80000,0x00000000d6200000)
 ParOldGen       total 445440K, used 397887K [0x0000000080000000, 0x000000009b300000, 0x00000000d5580000)
  object space 445440K, 89% used [0x0000000080000000,0x000000009848fc68,0x000000009b300000)
 Metaspace       used 71875K, committed 73408K, reserved 1179648K
  class space    used 7659K, committed 8320K, reserved 1048576K
}
Event: 903.191 GC heap after
{Heap after GC invocations=675 (full 3):
 PSYoungGen      total 8704K, used 640K [0x00000000d5580000, 0x00000000d6080000, 0x0000000100000000)
  eden space 7680K, 0% used [0x00000000d5580000,0x00000000d5580000,0x00000000d5d00000)
  from space 1024K, 62% used [0x00000000d5f80000,0x00000000d6020000,0x00000000d6080000)
  to   space 1536K, 0% used [0x00000000d5d80000,0x00000000d5d80000,0x00000000d5f00000)
 ParOldGen       total 445440K, used 399583K [0x0000000080000000, 0x000000009b300000, 0x00000000d5580000)
  object space 445440K, 89% used [0x0000000080000000,0x0000000098637c68,0x000000009b300000)
 Metaspace       used 71875K, committed 73408K, reserved 1179648K
  class space    used 7659K, committed 8320K, reserved 1048576K
}
Event: 903.930 GC heap before
{Heap before GC invocations=676 (full 3):
 PSYoungGen      total 8704K, used 8320K [0x00000000d5580000, 0x00000000d6080000, 0x0000000100000000)
  eden space 7680K, 100% used [0x00000000d5580000,0x00000000d5d00000,0x00000000d5d00000)
  from space 1024K, 62% used [0x00000000d5f80000,0x00000000d6020000,0x00000000d6080000)
  to   space 1536K, 0% used [0x00000000d5d80000,0x00000000d5d80000,0x00000000d5f00000)
 ParOldGen       total 445440K, used 399583K [0x0000000080000000, 0x000000009b300000, 0x00000000d5580000)
  object space 445440K, 89% used [0x0000000080000000,0x0000000098637c68,0x000000009b300000)
 Metaspace       used 71914K, committed 73472K, reserved 1179648K
  class space    used 7661K, committed 8320K, reserved 1048576K
}
Event: 903.932 GC heap after
{Heap after GC invocations=676 (full 3):
 PSYoungGen      total 9216K, used 560K [0x00000000d5580000, 0x00000000d6000000, 0x0000000100000000)
  eden space 7680K, 0% used [0x00000000d5580000,0x00000000d5580000,0x00000000d5d00000)
  from space 1536K, 36% used [0x00000000d5d80000,0x00000000d5e0c010,0x00000000d5f00000)
  to   space 1024K, 0% used [0x00000000d5f00000,0x00000000d5f00000,0x00000000d6000000)
 ParOldGen       total 445440K, used 399623K [0x0000000080000000, 0x000000009b300000, 0x00000000d5580000)
  object space 445440K, 89% used [0x0000000080000000,0x0000000098641c68,0x000000009b300000)
 Metaspace       used 71914K, committed 73472K, reserved 1179648K
  class space    used 7661K, committed 8320K, reserved 1048576K
}
Event: 904.679 GC heap before
{Heap before GC invocations=677 (full 3):
 PSYoungGen      total 9216K, used 8240K [0x00000000d5580000, 0x00000000d6000000, 0x0000000100000000)
  eden space 7680K, 100% used [0x00000000d5580000,0x00000000d5d00000,0x00000000d5d00000)
  from space 1536K, 36% used [0x00000000d5d80000,0x00000000d5e0c010,0x00000000d5f00000)
  to   space 1024K, 0% used [0x00000000d5f00000,0x00000000d5f00000,0x00000000d6000000)
 ParOldGen       total 445440K, used 399623K [0x0000000080000000, 0x000000009b300000, 0x00000000d5580000)
  object space 445440K, 89% used [0x0000000080000000,0x0000000098641c68,0x000000009b300000)
 Metaspace       used 71942K, committed 73472K, reserved 1179648K
  class space    used 7664K, committed 8320K, reserved 1048576K
}
Event: 904.682 GC heap after
{Heap after GC invocations=677 (full 3):
 PSYoungGen      total 8704K, used 784K [0x00000000d5580000, 0x00000000d6000000, 0x0000000100000000)
  eden space 7680K, 0% used [0x00000000d5580000,0x00000000d5580000,0x00000000d5d00000)
  from space 1024K, 76% used [0x00000000d5f00000,0x00000000d5fc4010,0x00000000d6000000)
  to   space 1024K, 0% used [0x00000000d5e00000,0x00000000d5e00000,0x00000000d5f00000)
 ParOldGen       total 445440K, used 399655K [0x0000000080000000, 0x000000009b300000, 0x00000000d5580000)
  object space 445440K, 89% used [0x0000000080000000,0x0000000098649c68,0x000000009b300000)
 Metaspace       used 71942K, committed 73472K, reserved 1179648K
  class space    used 7664K, committed 8320K, reserved 1048576K
}
Event: 905.264 GC heap before
{Heap before GC invocations=678 (full 3):
 PSYoungGen      total 8704K, used 8464K [0x00000000d5580000, 0x00000000d6000000, 0x0000000100000000)
  eden space 7680K, 100% used [0x00000000d5580000,0x00000000d5d00000,0x00000000d5d00000)
  from space 1024K, 76% used [0x00000000d5f00000,0x00000000d5fc4010,0x00000000d6000000)
  to   space 1024K, 0% used [0x00000000d5e00000,0x00000000d5e00000,0x00000000d5f00000)
 ParOldGen       total 445440K, used 399655K [0x0000000080000000, 0x000000009b300000, 0x00000000d5580000)
  object space 445440K, 89% used [0x0000000080000000,0x0000000098649c68,0x000000009b300000)
 Metaspace       used 71954K, committed 73472K, reserved 1179648K
  class space    used 7665K, committed 8320K, reserved 1048576K
}
Event: 905.267 GC heap after
{Heap after GC invocations=678 (full 3):
 PSYoungGen      total 8704K, used 996K [0x00000000d5580000, 0x00000000d6a00000, 0x0000000100000000)
  eden space 7680K, 0% used [0x00000000d5580000,0x00000000d5580000,0x00000000d5d00000)
  from space 1024K, 97% used [0x00000000d5e00000,0x00000000d5ef9010,0x00000000d5f00000)
  to   space 6656K, 0% used [0x00000000d6380000,0x00000000d6380000,0x00000000d6a00000)
 ParOldGen       total 445440K, used 404129K [0x0000000080000000, 0x000000009b300000, 0x00000000d5580000)
  object space 445440K, 90% used [0x0000000080000000,0x0000000098aa8578,0x000000009b300000)
 Metaspace       used 71954K, committed 73472K, reserved 1179648K
  class space    used 7665K, committed 8320K, reserved 1048576K
}
Event: 905.284 GC heap before
{Heap before GC invocations=679 (full 3):
 PSYoungGen      total 8704K, used 8506K [0x00000000d5580000, 0x00000000d6a00000, 0x0000000100000000)
  eden space 7680K, 97% used [0x00000000d5580000,0x00000000d5cd5830,0x00000000d5d00000)
  from space 1024K, 97% used [0x00000000d5e00000,0x00000000d5ef9010,0x00000000d5f00000)
  to   space 6656K, 0% used [0x00000000d6380000,0x00000000d6380000,0x00000000d6a00000)
 ParOldGen       total 445440K, used 404129K [0x0000000080000000, 0x000000009b300000, 0x00000000d5580000)
  object space 445440K, 90% used [0x0000000080000000,0x0000000098aa8578,0x000000009b300000)
 Metaspace       used 71954K, committed 73472K, reserved 1179648K
  class space    used 7665K, committed 8320K, reserved 1048576K
}
Event: 905.290 GC heap after
{Heap after GC invocations=679 (full 3):
 PSYoungGen      total 12288K, used 4272K [0x00000000d5580000, 0x00000000d6800000, 0x0000000100000000)
  eden space 7680K, 0% used [0x00000000d5580000,0x00000000d5580000,0x00000000d5d00000)
  from space 4608K, 92% used [0x00000000d6380000,0x00000000d67ac280,0x00000000d6800000)
  to   space 5120K, 0% used [0x00000000d5e00000,0x00000000d5e00000,0x00000000d6300000)
 ParOldGen       total 445440K, used 404209K [0x0000000080000000, 0x000000009b300000, 0x00000000d5580000)
  object space 445440K, 90% used [0x0000000080000000,0x0000000098abc588,0x000000009b300000)
 Metaspace       used 71954K, committed 73472K, reserved 1179648K
  class space    used 7665K, committed 8320K, reserved 1048576K
}
Event: 924.901 GC heap before
{Heap before GC invocations=680 (full 3):
 PSYoungGen      total 12288K, used 11952K [0x00000000d5580000, 0x00000000d6800000, 0x0000000100000000)
  eden space 7680K, 99% used [0x00000000d5580000,0x00000000d5cffff8,0x00000000d5d00000)
  from space 4608K, 92% used [0x00000000d6380000,0x00000000d67ac280,0x00000000d6800000)
  to   space 5120K, 0% used [0x00000000d5e00000,0x00000000d5e00000,0x00000000d6300000)
 ParOldGen       total 445440K, used 404209K [0x0000000080000000, 0x000000009b300000, 0x00000000d5580000)
  object space 445440K, 90% used [0x0000000080000000,0x0000000098abc588,0x000000009b300000)
 Metaspace       used 72047K, committed 73536K, reserved 1179648K
  class space    used 7666K, committed 8320K, reserved 1048576K
}
Event: 924.903 GC heap after
{Heap after GC invocations=680 (full 3):
 PSYoungGen      total 8704K, used 960K [0x00000000d5580000, 0x00000000d6400000, 0x0000000100000000)
  eden space 7680K, 0% used [0x00000000d5580000,0x00000000d5580000,0x00000000d5d00000)
  from space 1024K, 93% used [0x00000000d5e00000,0x00000000d5ef0020,0x00000000d5f00000)
  to   space 2560K, 0% used [0x00000000d6180000,0x00000000d6180000,0x00000000d6400000)
 ParOldGen       total 445440K, used 407257K [0x0000000080000000, 0x000000009b300000, 0x00000000d5580000)
  object space 445440K, 91% used [0x0000000080000000,0x0000000098db6588,0x000000009b300000)
 Metaspace       used 72047K, committed 73536K, reserved 1179648K
  class space    used 7666K, committed 8320K, reserved 1048576K
}
Event: 925.365 GC heap before
{Heap before GC invocations=681 (full 3):
 PSYoungGen      total 8704K, used 8640K [0x00000000d5580000, 0x00000000d6400000, 0x0000000100000000)
  eden space 7680K, 100% used [0x00000000d5580000,0x00000000d5d00000,0x00000000d5d00000)
  from space 1024K, 93% used [0x00000000d5e00000,0x00000000d5ef0020,0x00000000d5f00000)
  to   space 2560K, 0% used [0x00000000d6180000,0x00000000d6180000,0x00000000d6400000)
 ParOldGen       total 445440K, used 407257K [0x0000000080000000, 0x000000009b300000, 0x00000000d5580000)
  object space 445440K, 91% used [0x0000000080000000,0x0000000098db6588,0x000000009b300000)
 Metaspace       used 72089K, committed 73600K, reserved 1179648K
  class space    used 7670K, committed 8320K, reserved 1048576K
}
Event: 925.367 GC heap after
{Heap after GC invocations=681 (full 3):
 PSYoungGen      total 8704K, used 624K [0x00000000d5580000, 0x00000000d6280000, 0x0000000100000000)
  eden space 7680K, 0% used [0x00000000d5580000,0x00000000d5580000,0x00000000d5d00000)
  from space 1024K, 60% used [0x00000000d6180000,0x00000000d621c010,0x00000000d6280000)
  to   space 1024K, 0% used [0x00000000d5e00000,0x00000000d5e00000,0x00000000d5f00000)
 ParOldGen       total 445440K, used 407819K [0x0000000080000000, 0x000000009b300000, 0x00000000d5580000)
  object space 445440K, 91% used [0x0000000080000000,0x0000000098e42ea8,0x000000009b300000)
 Metaspace       used 72089K, committed 73600K, reserved 1179648K
  class space    used 7670K, committed 8320K, reserved 1048576K
}

